<?xml version="1.0" encoding="UTF-8"?>
<!-- Generated by org.testng.reporters.JUnitReportReporter -->
<testsuite hostname="DESKTOP-TFUFUVK" failures="0" tests="6" name="testObjects.SubmitOrderTest" time="25.346" errors="0" timestamp="2024-02-21T22:32:26 IST" skipped="0">
  <testcase classname="testObjects.SubmitOrderTest" name="submitOrder" time="5.897"/>
  <testcase classname="testObjects.SubmitOrderTest" name="submitOrder" time="5.851"/>
  <testcase classname="testObjects.SubmitOrderTest" name="submitOrder" time="6.009"/>
  <testcase classname="testObjects.SubmitOrderTest" name="orderHistoryValidation" time="2.489"/>
  <testcase classname="testObjects.SubmitOrderTest" name="orderHistoryValidation" time="2.598"/>
  <testcase classname="testObjects.SubmitOrderTest" name="orderHistoryValidation" time="2.502"/>
</testsuite> <!-- testObjects.SubmitOrderTest -->
