<?xml version="1.0" encoding="UTF-8"?>
<!-- Generated by org.testng.reporters.JUnitReportReporter -->
<testsuite hostname="DESKTOP-TFUFUVK" failures="0" tests="6" name="testObjects.SubmitOrderTest" time="27.084" errors="0" timestamp="2024-02-21T07:28:10 IST" skipped="0">
  <testcase classname="testObjects.SubmitOrderTest" name="orderHistoryValidation" time="2.489"/>
  <testcase classname="testObjects.SubmitOrderTest" name="submitOrder" time="5.911"/>
  <testcase classname="testObjects.SubmitOrderTest" name="submitOrder" time="6.362"/>
  <testcase classname="testObjects.SubmitOrderTest" name="submitOrder" time="6.596"/>
  <testcase classname="testObjects.SubmitOrderTest" name="orderHistoryValidation" time="2.455"/>
  <testcase classname="testObjects.SubmitOrderTest" name="orderHistoryValidation" time="3.271"/>
</testsuite> <!-- testObjects.SubmitOrderTest -->
