<?xml version="1.0" encoding="UTF-8"?>
<!-- Generated by org.testng.reporters.JUnitReportReporter -->
<testsuite hostname="DESKTOP-TFUFUVK" failures="0" tests="6" name="testObjects.SubmitOrderTest" time="49.074" errors="0" timestamp="2024-02-26T08:36:10 IST" skipped="0">
  <testcase classname="testObjects.SubmitOrderTest" name="submitOrder" time="12.728"/>
  <testcase classname="testObjects.SubmitOrderTest" name="submitOrder" time="12.598"/>
  <testcase classname="testObjects.SubmitOrderTest" name="orderHistoryValidation" time="3.027"/>
  <testcase classname="testObjects.SubmitOrderTest" name="orderHistoryValidation" time="3.948"/>
  <testcase classname="testObjects.SubmitOrderTest" name="submitOrder" time="14.168"/>
  <testcase classname="testObjects.SubmitOrderTest" name="orderHistoryValidation" time="2.605"/>
</testsuite> <!-- testObjects.SubmitOrderTest -->
