<?xml version="1.0" encoding="UTF-8"?>
<!-- Generated by org.testng.reporters.JUnitReportReporter -->
<testsuite hostname="DESKTOP-TFUFUVK" failures="0" tests="6" name="testObjects.SubmitOrderTest" time="48.784" errors="0" timestamp="2024-02-26T08:52:37 IST" skipped="0">
  <testcase classname="testObjects.SubmitOrderTest" name="submitOrder" time="12.990"/>
  <testcase classname="testObjects.SubmitOrderTest" name="submitOrder" time="12.742"/>
  <testcase classname="testObjects.SubmitOrderTest" name="orderHistoryValidation" time="2.675"/>
  <testcase classname="testObjects.SubmitOrderTest" name="orderHistoryValidation" time="2.576"/>
  <testcase classname="testObjects.SubmitOrderTest" name="submitOrder" time="13.529"/>
  <testcase classname="testObjects.SubmitOrderTest" name="orderHistoryValidation" time="4.272"/>
</testsuite> <!-- testObjects.SubmitOrderTest -->
