<?xml version="1.0" encoding="UTF-8"?>
<!-- Generated by org.testng.reporters.JUnitReportReporter -->
<testsuite hostname="DESKTOP-TFUFUVK" failures="0" tests="1" name="testObjects.LoginErrorValidationTest" time="3.088" errors="0" timestamp="2024-02-24T14:29:17 IST" skipped="0">
  <testcase classname="testObjects.LoginErrorValidationTest" name="loginErrorValidation" time="3.088"/>
</testsuite> <!-- testObjects.LoginErrorValidationTest -->
