<?xml version="1.0" encoding="UTF-8"?>
<!-- Generated by org.testng.reporters.JUnitReportReporter -->
<testsuite hostname="DESKTOP-TFUFUVK" failures="0" tests="6" name="testObjects.SubmitOrderTest" time="26.040" errors="0" timestamp="2024-02-24T14:29:17 IST" skipped="0">
  <testcase classname="testObjects.SubmitOrderTest" name="submitOrder" time="5.597"/>
  <testcase classname="testObjects.SubmitOrderTest" name="orderHistoryValidation" time="1.614"/>
  <testcase classname="testObjects.SubmitOrderTest" name="submitOrder" time="5.145"/>
  <testcase classname="testObjects.SubmitOrderTest" name="orderHistoryValidation" time="5.217"/>
  <testcase classname="testObjects.SubmitOrderTest" name="submitOrder" time="6.017"/>
  <testcase classname="testObjects.SubmitOrderTest" name="orderHistoryValidation" time="2.450"/>
</testsuite> <!-- testObjects.SubmitOrderTest -->
