<?xml version="1.0" encoding="UTF-8"?>
<!-- Generated by org.testng.reporters.JUnitReportReporter -->
<testsuite hostname="DESKTOP-TFUFUVK" failures="0" tests="6" name="testObjects.SubmitOrderTest" time="25.740" errors="0" timestamp="2024-02-21T14:57:19 IST" skipped="0">
  <testcase classname="testObjects.SubmitOrderTest" name="submitOrder" time="6.194"/>
  <testcase classname="testObjects.SubmitOrderTest" name="orderHistoryValidation" time="2.555"/>
  <testcase classname="testObjects.SubmitOrderTest" name="orderHistoryValidation" time="2.475"/>
  <testcase classname="testObjects.SubmitOrderTest" name="submitOrder" time="5.989"/>
  <testcase classname="testObjects.SubmitOrderTest" name="submitOrder" time="6.015"/>
  <testcase classname="testObjects.SubmitOrderTest" name="orderHistoryValidation" time="2.512"/>
</testsuite> <!-- testObjects.SubmitOrderTest -->
