<?xml version="1.0" encoding="UTF-8"?>
<!-- Generated by org.testng.reporters.JUnitReportReporter -->
<testsuite hostname="DESKTOP-TFUFUVK" failures="0" tests="1" name="testObjects.LoginErrorValidationTest" time="2.841" errors="0" timestamp="2024-02-26T08:52:37 IST" skipped="0">
  <testcase classname="testObjects.LoginErrorValidationTest" name="loginErrorValidation" time="2.841"/>
</testsuite> <!-- testObjects.LoginErrorValidationTest -->
