<?xml version="1.0" encoding="UTF-8"?>
<!-- Generated by org.testng.reporters.JUnitReportReporter -->
<testsuite hostname="DESKTOP-TFUFUVK" failures="0" tests="6" name="testObjects.SubmitOrderTest" time="25.719" errors="0" timestamp="2024-02-21T20:25:00 IST" skipped="0">
  <testcase classname="testObjects.SubmitOrderTest" name="submitOrder" time="5.968"/>
  <testcase classname="testObjects.SubmitOrderTest" name="submitOrder" time="5.852"/>
  <testcase classname="testObjects.SubmitOrderTest" name="submitOrder" time="6.042"/>
  <testcase classname="testObjects.SubmitOrderTest" name="orderHistoryValidation" time="2.529"/>
  <testcase classname="testObjects.SubmitOrderTest" name="orderHistoryValidation" time="2.458"/>
  <testcase classname="testObjects.SubmitOrderTest" name="orderHistoryValidation" time="2.870"/>
</testsuite> <!-- testObjects.SubmitOrderTest -->
